<?xml version="1.0" encoding="UTF-8"?>
<!-- Generated by org.testng.reporters.JUnitReportReporter -->
<testsuite skipped="0" hostname="DESKTOP-BNAETR8" name="com.Guru99.tests.WithdrowAmountTest" tests="1" failures="0" timestamp="2021-05-20T14:14:12 IST" time="88.552" errors="0">
  <testcase name="verifyWithdrowAmount" time="88.552" classname="com.Guru99.tests.WithdrowAmountTest"/>
  <system-out/>
</testsuite> <!-- com.Guru99.tests.WithdrowAmountTest -->
