<?xml version="1.0" encoding="UTF-8"?>
<!-- Generated by org.testng.reporters.JUnitReportReporter -->
<testsuite skipped="0" hostname="DESKTOP-BNAETR8" name="com.Guru99.tests.FundTransferTest" tests="1" failures="0" timestamp="2021-05-20T14:14:12 IST" time="27.870" errors="0">
  <testcase name="verifyFundsTranfer" time="27.870" classname="com.Guru99.tests.FundTransferTest"/>
  <system-out/>
</testsuite> <!-- com.Guru99.tests.FundTransferTest -->
