<?xml version="1.0" encoding="UTF-8"?>
<!-- Generated by org.testng.reporters.JUnitReportReporter -->
<testsuite skipped="1" hostname="DESKTOP-BNAETR8" name="com.Guru99.tests.LoginTest" tests="1" failures="0" timestamp="2021-06-01T12:30:25 IST" time="0.000" errors="0">
  <testcase name="verifyvaliedcredentals" time="0.000" classname="com.Guru99.tests.LoginTest">
    <skipped/>
  </testcase> <!-- verifyvaliedcredentals -->
  <system-out/>
</testsuite> <!-- com.Guru99.tests.LoginTest -->
